2025-07-23T10:29:34.997848 - User registered: user123
2025-07-23T10:54:21.006506 - File uploaded by user123: 5451001055206_amy-winehouse_รูปถ่าย.jpg
2025-07-23T10:54:21.011140 - File uploaded by user123: 5451001055206_amy-winehouse_สำเนาบัตรประจำตัวประชาชน.pdf
2025-07-23T10:54:21.013907 - File uploaded by user123: 5451001055206_amy-winehouse_สำเนาใบแสดงผลการเรียน.pdf
2025-07-23T10:54:21.017954 - File uploaded by user123: 5451001055206_amy-winehouse_หลักฐานการเปลี่ยนชื่อ-สกุล.pdf
2025-07-23T13:28:21.545234 - User registered: Dolsun
2025-07-23T15:25:41.985847 - File uploaded by Dolsun: 1418000027946_ดลสันติ์-สิงหาคำ_รูปถ่าย.jpg
2025-07-23T15:25:41.990442 - File uploaded by Dolsun: 1418000027946_ดลสันติ์-สิงหาคำ_สำเนาบัตรประจำตัวประชาชน.jpg
2025-07-23T15:25:41.994927 - File uploaded by Dolsun: 1418000027946_ดลสันติ์-สิงหาคำ_สำเนาใบแสดงผลการเรียน.jpg
2025-07-24T09:31:27.652337 - File uploaded by Dolsun: 1418000027946_ดลสันติ์-สิงหาคำ_รูปถ่าย.jpg
2025-07-24T09:31:27.655493 - File uploaded by Dolsun: 1418000027946_ดลสันติ์-สิงหาคำ_สำเนาบัตรประจำตัวประชาชน.jpg
2025-07-24T09:31:27.660660 - File uploaded by Dolsun: 1418000027946_ดลสันติ์-สิงหาคำ_สำเนาใบแสดงผลการเรียน.jpg
2025-07-24T09:49:49.487256 - File uploaded by Dolsun: 1418000027946_ดลสันติ์-สิงหาคำ_รูปถ่าย.jpg
2025-07-24T09:49:49.495280 - File uploaded by Dolsun: 1418000027946_ดลสันติ์-สิงหาคำ_สำเนาบัตรประจำตัวประชาชน.pdf
2025-07-24T09:49:49.500925 - File uploaded by Dolsun: 1418000027946_ดลสันติ์-สิงหาคำ_สำเนาใบแสดงผลการเรียน.pdf
2025-07-29T11:39:12.851686 - File uploaded by Dolsun: 1418000027946_ดลสันติ์-สิงหาคำ_รูปถ่าย.jpg
2025-07-29T11:39:12.855805 - File uploaded by Dolsun: 1418000027946_ดลสันติ์-สิงหาคำ_สำเนาบัตรประจำตัวประชาชน.pdf
2025-07-29T11:39:12.858420 - File uploaded by Dolsun: 1418000027946_ดลสันติ์-สิงหาคำ_สำเนาใบแสดงผลการเรียน.jpg
2025-07-29T11:39:12.861117 - File uploaded by Dolsun: 1418000027946_ดลสันติ์-สิงหาคำ_หลักฐานการเปลี่ยนชื่อ-สกุล.png
2025-07-29T11:55:26.675134 - File uploaded by Dolsun: 1418000027946_ดลสันติ์-สิงหาคำ_รูปถ่าย.JPG
2025-07-29T11:55:26.677715 - File uploaded by Dolsun: 1418000027946_ดลสันติ์-สิงหาคำ_สำเนาบัตรประจำตัวประชาชน.pdf
2025-07-29T11:55:26.682433 - File uploaded by Dolsun: 1418000027946_ดลสันติ์-สิงหาคำ_สำเนาใบแสดงผลการเรียน.pdf
2025-07-29T11:55:26.685370 - File uploaded by Dolsun: 1418000027946_ดลสันติ์-สิงหาคำ_หลักฐานการเปลี่ยนชื่อ-สกุล.png
2025-07-29T11:59:09.985131 - File replaced by Dolsun: 1418000027946_ดลสันติ์-สิงหาคำ_รูปถ่าย.JPG
2025-07-29T11:59:09.987791 - File uploaded by Dolsun: 1418000027946_ดลสันติ์-สิงหาคำ_รูปถ่าย.JPG
2025-07-29T11:59:09.990629 - File uploaded by Dolsun: 1418000027946_ดลสันติ์-สิงหาคำ_สำเนาบัตรประจำตัวประชาชน.png
2025-07-29T11:59:09.994132 - File uploaded by Dolsun: 1418000027946_ดลสันติ์-สิงหาคำ_สำเนาใบแสดงผลการเรียน.jpg
2025-07-29T11:59:09.995856 - File replaced by Dolsun: 1418000027946_ดลสันติ์-สิงหาคำ_หลักฐานการเปลี่ยนชื่อ-สกุล.png
2025-07-29T11:59:09.997886 - File uploaded by Dolsun: 1418000027946_ดลสันติ์-สิงหาคำ_หลักฐานการเปลี่ยนชื่อ-สกุล.png
2025-07-29T12:02:09.592968 - Old file removed for Dolsun: 1418000027946_ดลสันติ์-สิงหาคำ_รูปถ่าย.JPG
2025-07-29T12:02:09.594780 - Old file removed for Dolsun: 1418000027946_ดลสันติ์-สิงหาคำ_สำเนาบัตรประจำตัวประชาชน.png
2025-07-29T12:02:09.596165 - Old file removed for Dolsun: 1418000027946_ดลสันติ์-สิงหาคำ_สำเนาใบแสดงผลการเรียน.jpg
2025-07-29T12:02:09.597497 - Old file removed for Dolsun: 1418000027946_ดลสันติ์-สิงหาคำ_หลักฐานการเปลี่ยนชื่อ-สกุล.png
2025-07-29T12:02:09.599891 - File uploaded by Dolsun: 1418000027946_ดลสันติ์-สิงหาคำ_รูปถ่าย.JPG
2025-07-29T12:02:09.602427 - File uploaded by Dolsun: 1418000027946_ดลสันติ์-สิงหาคำ_สำเนาบัตรประจำตัวประชาชน.pdf
2025-07-29T12:02:09.605154 - File uploaded by Dolsun: 1418000027946_ดลสันติ์-สิงหาคำ_สำเนาใบแสดงผลการเรียน.pdf
2025-07-29T12:02:09.607056 - File uploaded by Dolsun: 1418000027946_ดลสันติ์-สิงหาคำ_หลักฐานการเปลี่ยนชื่อ-สกุล.jpg
2025-07-29T15:58:20.618611 - Old file removed for Dolsun: 1418000027946_ดลสันติ์-สิงหาคำ_รูปถ่าย.JPG
2025-07-29T15:58:20.622719 - Old file removed for Dolsun: 1418000027946_ดลสันติ์-สิงหาคำ_สำเนาบัตรประจำตัวประชาชน.pdf
2025-07-29T15:58:20.624080 - Old file removed for Dolsun: 1418000027946_ดลสันติ์-สิงหาคำ_สำเนาใบแสดงผลการเรียน.pdf
2025-07-29T15:58:20.626566 - File uploaded by Dolsun: 1418000027946_ดลสันติ์-สิงหาคำ_รูปถ่าย.png
2025-07-29T15:58:20.628326 - File uploaded by Dolsun: 1418000027946_ดลสันติ์-สิงหาคำ_สำเนาบัตรประจำตัวประชาชน.JPG
2025-07-29T15:58:20.630163 - File uploaded by Dolsun: 1418000027946_ดลสันติ์-สิงหาคำ_สำเนาใบแสดงผลการเรียน.JPG
2025-07-30T11:01:32.540893 - Admin file uploaded by admin for student นาย สส สส (ID: 1419999999999): 1419999999999_สส-สส_รูปถ่าย.jpg
2025-07-30T11:01:32.545829 - Admin file uploaded by admin for student นาย สส สส (ID: 1419999999999): 1419999999999_สส-สส_สำเนาบัตรประจำตัวประชาชน.pdf
2025-07-30T11:01:32.550344 - Admin file uploaded by admin for student นาย สส สส (ID: 1419999999999): 1419999999999_สส-สส_สำเนาใบแสดงผลการเรียน.pdf
2025-07-30T11:01:32.554679 - Admin file uploaded by admin for student นาย สส สส (ID: 1419999999999): 1419999999999_สส-สส_หลักฐานการเปลี่ยนชื่อ-สกุล.pdf
2025-07-30T11:32:59.219560 - Admin file uploaded by admin for student นางสาว ยยยยย ววววว (ID: 1231231312311): 1231231312311_ยยยยย-ววววว_รูปถ่าย.jpg
2025-07-30T11:32:59.222386 - Admin file uploaded by admin for student นางสาว ยยยยย ววววว (ID: 1231231312311): 1231231312311_ยยยยย-ววววว_สำเนาบัตรประจำตัวประชาชน.jpg
2025-07-30T11:32:59.225067 - Admin file uploaded by admin for student นางสาว ยยยยย ววววว (ID: 1231231312311): 1231231312311_ยยยยย-ววววว_สำเนาใบแสดงผลการเรียน.pdf
2025-07-30T11:32:59.240070 - Student account created/updated by admin admin for นางสาว ยยยยย ววววว (ID: 1231231312311) (username: student_1231231312311)
2025-07-31T11:07:08.136381 - User registered: d01
2025-07-31T11:08:12.820591 - User registered: d02
2025-07-31T11:09:31.719820 - User registered: d03
2025-07-31T11:10:02.679328 - User registered: d04
2025-07-31T11:17:47.980104 - User registered: d05
2025-07-31T11:18:15.908409 - User registered: d06
2025-07-31T11:18:29.478661 - User registered: d07
2025-07-31T11:19:02.589151 - User registered: d08
2025-07-31T11:19:21.991233 - User registered: d09
2025-08-05T14:10:26.511364 - Old file removed for d01: 1419999999999_สส-สส_รูปถ่าย.jpg
2025-08-05T14:10:26.513047 - Old file removed for d01: 1419999999999_สส-สส_สำเนาบัตรประจำตัวประชาชน.pdf
2025-08-05T14:10:26.514455 - Old file removed for d01: 1419999999999_สส-สส_สำเนาใบแสดงผลการเรียน.pdf
2025-08-05T14:10:26.515836 - Old file removed for d01: 1419999999999_สส-สส_หลักฐานการเปลี่ยนชื่อ-สกุล.pdf
2025-08-05T14:10:26.519597 - File uploaded by d01: 1419999999999_สส-สส_รูปถ่าย.jpg
2025-08-05T14:10:26.523461 - File uploaded by d01: 1419999999999_สส-สส_สำเนาบัตรประจำตัวประชาชน.pdf
2025-08-05T14:10:26.525718 - File uploaded by d01: 1419999999999_สส-สส_สำเนาใบแสดงผลการเรียน.pdf
